[0926/124834.592:ERROR:process_reader_win.cc(151)] SuspendThread: Acesso negado. (0x5)
[0926/124834.595:ERROR:exception_snapshot_win.cc(99)] thread ID 1108 not found in process
[0926/124834.595:ERROR:scoped_process_suspend.cc(40)] NtResumeProcess: Tentou-se acessar um processo de saída. (0xc000010a)
[0926/140418.721:ERROR:process_reader_win.cc(188)] ResumeThread: Parâmetro incorreto. (0x57)
[0926/140418.723:ERROR:process_reader_win.cc(151)] SuspendThread: Acesso negado. (0x5)
[0926/140418.723:ERROR:process_reader_win.cc(151)] SuspendThread: Acesso negado. (0x5)
[0926/140418.723:ERROR:process_reader_win.cc(151)] SuspendThread: Acesso negado. (0x5)
[0926/140418.724:ERROR:process_reader_win.cc(151)] SuspendThread: Acesso negado. (0x5)
[0926/140418.724:ERROR:process_reader_win.cc(151)] SuspendThread: Acesso negado. (0x5)
[0926/140418.724:ERROR:process_reader_win.cc(151)] SuspendThread: Acesso negado. (0x5)
[0926/140418.724:ERROR:process_reader_win.cc(151)] SuspendThread: Acesso negado. (0x5)
[0926/140418.724:ERROR:process_reader_win.cc(151)] SuspendThread: Acesso negado. (0x5)
[0926/140418.724:ERROR:process_reader_win.cc(151)] SuspendThread: Acesso negado. (0x5)
[0926/140418.724:ERROR:process_reader_win.cc(151)] SuspendThread: Acesso negado. (0x5)
[0926/140418.724:ERROR:process_reader_win.cc(151)] SuspendThread: Acesso negado. (0x5)
[0926/140419.197:ERROR:process_memory_win.cc(73)] ReadMemory at 0x9f0000 of 65536 bytes failed: Somente uma parte de um pedido ReadProcessMemory ou WriteProcessMemory foi concluída. (0x12B)
[0926/140419.211:ERROR:process_memory_win.cc(73)] ReadMemory at 0x35cd000 of 12288 bytes failed: Somente uma parte de um pedido ReadProcessMemory ou WriteProcessMemory foi concluída. (0x12B)
[0926/140419.211:ERROR:process_memory_win.cc(73)] ReadMemory at 0xe1320 of 3796 bytes failed: Somente uma parte de um pedido ReadProcessMemory ou WriteProcessMemory foi concluída. (0x12B)
[0926/140419.211:ERROR:process_memory_win.cc(73)] ReadMemory at 0xe2200 of 1012 bytes failed: Somente uma parte de um pedido ReadProcessMemory ou WriteProcessMemory foi concluída. (0x12B)
[0926/140419.211:ERROR:process_memory_win.cc(73)] ReadMemory at 0xe2808 of 1042 bytes failed: Somente uma parte de um pedido ReadProcessMemory ou WriteProcessMemory foi concluída. (0x12B)
[0926/140419.212:ERROR:process_memory_win.cc(73)] ReadMemory at 0xe2c1c of 118 bytes failed: Somente uma parte de um pedido ReadProcessMemory ou WriteProcessMemory foi concluída. (0x12B)
[0926/140419.212:ERROR:process_memory_win.cc(73)] ReadMemory at 0xe2c94 of 1158 bytes failed: Somente uma parte de um pedido ReadProcessMemory ou WriteProcessMemory foi concluída. (0x12B)
[0926/140419.212:ERROR:process_memory_win.cc(73)] ReadMemory at 0xe311c of 118 bytes failed: Somente uma parte de um pedido ReadProcessMemory ou WriteProcessMemory foi concluída. (0x12B)
[0926/140419.212:ERROR:process_memory_win.cc(73)] ReadMemory at 0xe3194 of 94 bytes failed: Somente uma parte de um pedido ReadProcessMemory ou WriteProcessMemory foi concluída. (0x12B)
[0926/140419.212:ERROR:process_memory_win.cc(73)] ReadMemory at 0xe3200 of 58 bytes failed: Somente uma parte de um pedido ReadProcessMemory ou WriteProcessMemory foi concluída. (0x12B)
[0926/140419.213:ERROR:process_memory_win.cc(73)] ReadMemory at 0xe3290 of 132 bytes failed: Somente uma parte de um pedido ReadProcessMemory ou WriteProcessMemory foi concluída. (0x12B)
[0926/140419.213:ERROR:process_memory_win.cc(73)] ReadMemory at 0xe3380 of 132 bytes failed: Somente uma parte de um pedido ReadProcessMemory ou WriteProcessMemory foi concluída. (0x12B)
[0926/140419.213:ERROR:process_memory_win.cc(73)] ReadMemory at 0xe3498 of 126 bytes failed: Somente uma parte de um pedido ReadProcessMemory ou WriteProcessMemory foi concluída. (0x12B)
[0926/140419.213:ERROR:process_memory_win.cc(73)] ReadMemory at 0xe3780 of 132 bytes failed: Somente uma parte de um pedido ReadProcessMemory ou WriteProcessMemory foi concluída. (0x12B)
[0926/140419.213:ERROR:process_memory_win.cc(73)] ReadMemory at 0xe3870 of 132 bytes failed: Somente uma parte de um pedido ReadProcessMemory ou WriteProcessMemory foi concluída. (0x12B)
[0926/140419.215:ERROR:process_memory_win.cc(73)] ReadMemory at 0xe3b60 of 64 bytes failed: Somente uma parte de um pedido ReadProcessMemory ou WriteProcessMemory foi concluída. (0x12B)
[0926/140419.215:ERROR:process_memory_win.cc(73)] ReadMemory at 0xe3be0 of 68 bytes failed: Somente uma parte de um pedido ReadProcessMemory ou WriteProcessMemory foi concluída. (0x12B)
[0926/140419.215:ERROR:process_memory_win.cc(73)] ReadMemory at 0x10c5d0 of 62 bytes failed: Somente uma parte de um pedido ReadProcessMemory ou WriteProcessMemory foi concluída. (0x12B)
[0926/140419.216:ERROR:process_memory_win.cc(73)] ReadMemory at 0x10c620 of 60 bytes failed: Somente uma parte de um pedido ReadProcessMemory ou WriteProcessMemory foi concluída. (0x12B)
[0926/140419.216:ERROR:process_memory_win.cc(73)] ReadMemory at 0x10c860 of 154 bytes failed: Somente uma parte de um pedido ReadProcessMemory ou WriteProcessMemory foi concluída. (0x12B)
[0926/140419.216:ERROR:process_memory_win.cc(73)] ReadMemory at 0x10c910 of 132 bytes failed: Somente uma parte de um pedido ReadProcessMemory ou WriteProcessMemory foi concluída. (0x12B)
[0926/140419.216:ERROR:process_memory_win.cc(73)] ReadMemory at 0x10cae0 of 132 bytes failed: Somente uma parte de um pedido ReadProcessMemory ou WriteProcessMemory foi concluída. (0x12B)
[0926/140419.216:ERROR:process_memory_win.cc(73)] ReadMemory at 0x10cbd0 of 104 bytes failed: Somente uma parte de um pedido ReadProcessMemory ou WriteProcessMemory foi concluída. (0x12B)
[0926/140419.217:ERROR:process_memory_win.cc(73)] ReadMemory at 0x1101f0 of 132 bytes failed: Somente uma parte de um pedido ReadProcessMemory ou WriteProcessMemory foi concluída. (0x12B)
[0926/140419.217:ERROR:process_memory_win.cc(73)] ReadMemory at 0x1113a0 of 60 bytes failed: Somente uma parte de um pedido ReadProcessMemory ou WriteProcessMemory foi concluída. (0x12B)
[0926/140419.217:ERROR:process_memory_win.cc(73)] ReadMemory at 0x1113f0 of 62 bytes failed: Somente uma parte de um pedido ReadProcessMemory ou WriteProcessMemory foi concluída. (0x12B)
[0926/140419.217:ERROR:process_memory_win.cc(73)] ReadMemory at 0x111440 of 58 bytes failed: Somente uma parte de um pedido ReadProcessMemory ou WriteProcessMemory foi concluída. (0x12B)
[0926/140419.217:ERROR:process_memory_win.cc(73)] ReadMemory at 0x111490 of 60 bytes failed: Somente uma parte de um pedido ReadProcessMemory ou WriteProcessMemory foi concluída. (0x12B)
[0926/140419.217:ERROR:process_memory_win.cc(73)] ReadMemory at 0x1114e0 of 58 bytes failed: Somente uma parte de um pedido ReadProcessMemory ou WriteProcessMemory foi concluída. (0x12B)
[0926/140419.218:ERROR:process_memory_win.cc(73)] ReadMemory at 0x111530 of 58 bytes failed: Somente uma parte de um pedido ReadProcessMemory ou WriteProcessMemory foi concluída. (0x12B)
[0926/140419.218:ERROR:process_memory_win.cc(73)] ReadMemory at 0x111580 of 58 bytes failed: Somente uma parte de um pedido ReadProcessMemory ou WriteProcessMemory foi concluída. (0x12B)
[0926/140419.218:ERROR:process_memory_win.cc(73)] ReadMemory at 0x1115d0 of 58 bytes failed: Somente uma parte de um pedido ReadProcessMemory ou WriteProcessMemory foi concluída. (0x12B)
[0926/140419.218:ERROR:process_memory_win.cc(73)] ReadMemory at 0x111620 of 64 bytes failed: Somente uma parte de um pedido ReadProcessMemory ou WriteProcessMemory foi concluída. (0x12B)
[0926/140419.218:ERROR:process_memory_win.cc(73)] ReadMemory at 0x1116c0 of 64 bytes failed: Somente uma parte de um pedido ReadProcessMemory ou WriteProcessMemory foi concluída. (0x12B)
[0926/140419.219:ERROR:process_memory_win.cc(73)] ReadMemory at 0x111710 of 60 bytes failed: Somente uma parte de um pedido ReadProcessMemory ou WriteProcessMemory foi concluída. (0x12B)
[0926/140419.219:ERROR:process_memory_win.cc(73)] ReadMemory at 0x111760 of 60 bytes failed: Somente uma parte de um pedido ReadProcessMemory ou WriteProcessMemory foi concluída. (0x12B)
[0926/140419.219:ERROR:process_memory_win.cc(73)] ReadMemory at 0x111800 of 64 bytes failed: Somente uma parte de um pedido ReadProcessMemory ou WriteProcessMemory foi concluída. (0x12B)
[0926/140419.219:ERROR:process_memory_win.cc(73)] ReadMemory at 0x111850 of 58 bytes failed: Somente uma parte de um pedido ReadProcessMemory ou WriteProcessMemory foi concluída. (0x12B)
[0926/140419.219:ERROR:process_memory_win.cc(73)] ReadMemory at 0x1118a0 of 58 bytes failed: Somente uma parte de um pedido ReadProcessMemory ou WriteProcessMemory foi concluída. (0x12B)
[0926/140419.220:ERROR:process_memory_win.cc(73)] ReadMemory at 0x1118f0 of 60 bytes failed: Somente uma parte de um pedido ReadProcessMemory ou WriteProcessMemory foi concluída. (0x12B)
[0926/140419.220:ERROR:process_memory_win.cc(73)] ReadMemory at 0x111940 of 62 bytes failed: Somente uma parte de um pedido ReadProcessMemory ou WriteProcessMemory foi concluída. (0x12B)
[0926/140419.220:ERROR:process_memory_win.cc(73)] ReadMemory at 0x111990 of 62 bytes failed: Somente uma parte de um pedido ReadProcessMemory ou WriteProcessMemory foi concluída. (0x12B)
[0926/140419.220:ERROR:process_memory_win.cc(73)] ReadMemory at 0x1119e0 of 62 bytes failed: Somente uma parte de um pedido ReadProcessMemory ou WriteProcessMemory foi concluída. (0x12B)
[0926/140419.220:ERROR:process_memory_win.cc(73)] ReadMemory at 0x111a30 of 62 bytes failed: Somente uma parte de um pedido ReadProcessMemory ou WriteProcessMemory foi concluída. (0x12B)
[0926/140419.220:ERROR:process_memory_win.cc(73)] ReadMemory at 0x111a80 of 64 bytes failed: Somente uma parte de um pedido ReadProcessMemory ou WriteProcessMemory foi concluída. (0x12B)
[0926/140419.221:ERROR:process_memory_win.cc(73)] ReadMemory at 0x111ad0 of 62 bytes failed: Somente uma parte de um pedido ReadProcessMemory ou WriteProcessMemory foi concluída. (0x12B)
[0926/140419.221:ERROR:process_memory_win.cc(73)] ReadMemory at 0x111b20 of 60 bytes failed: Somente uma parte de um pedido ReadProcessMemory ou WriteProcessMemory foi concluída. (0x12B)
[0926/140419.221:ERROR:process_memory_win.cc(73)] ReadMemory at 0x111b70 of 60 bytes failed: Somente uma parte de um pedido ReadProcessMemory ou WriteProcessMemory foi concluída. (0x12B)
[0926/140419.221:ERROR:process_memory_win.cc(73)] ReadMemory at 0x111bc0 of 64 bytes failed: Somente uma parte de um pedido ReadProcessMemory ou WriteProcessMemory foi concluída. (0x12B)
[0926/140419.221:ERROR:process_memory_win.cc(73)] ReadMemory at 0x111c10 of 62 bytes failed: Somente uma parte de um pedido ReadProcessMemory ou WriteProcessMemory foi concluída. (0x12B)
[0926/140419.222:ERROR:process_memory_win.cc(73)] ReadMemory at 0x111c60 of 62 bytes failed: Somente uma parte de um pedido ReadProcessMemory ou WriteProcessMemory foi concluída. (0x12B)
[0926/140419.222:ERROR:process_memory_win.cc(73)] ReadMemory at 0x111cb0 of 58 bytes failed: Somente uma parte de um pedido ReadProcessMemory ou WriteProcessMemory foi concluída. (0x12B)
[0926/140419.222:ERROR:process_memory_win.cc(73)] ReadMemory at 0x111d00 of 64 bytes failed: Somente uma parte de um pedido ReadProcessMemory ou WriteProcessMemory foi concluída. (0x12B)
[0926/140419.222:ERROR:process_memory_win.cc(73)] ReadMemory at 0x112140 of 132 bytes failed: Somente uma parte de um pedido ReadProcessMemory ou WriteProcessMemory foi concluída. (0x12B)
[0926/140419.222:ERROR:process_memory_win.cc(73)] ReadMemory at 0x11c170 of 54 bytes failed: Somente uma parte de um pedido ReadProcessMemory ou WriteProcessMemory foi concluída. (0x12B)
[0926/140419.223:ERROR:process_memory_win.cc(73)] ReadMemory at 0x121480 of 80 bytes failed: Somente uma parte de um pedido ReadProcessMemory ou WriteProcessMemory foi concluída. (0x12B)
[0926/140419.223:ERROR:process_memory_win.cc(73)] ReadMemory at 0x122450 of 132 bytes failed: Somente uma parte de um pedido ReadProcessMemory ou WriteProcessMemory foi concluída. (0x12B)
[0926/140419.223:ERROR:process_memory_win.cc(73)] ReadMemory at 0x122d40 of 132 bytes failed: Somente uma parte de um pedido ReadProcessMemory ou WriteProcessMemory foi concluída. (0x12B)
[0926/140419.223:ERROR:process_memory_win.cc(73)] ReadMemory at 0x122e30 of 132 bytes failed: Somente uma parte de um pedido ReadProcessMemory ou WriteProcessMemory foi concluída. (0x12B)
[0926/140419.223:ERROR:process_memory_win.cc(73)] ReadMemory at 0x122f20 of 132 bytes failed: Somente uma parte de um pedido ReadProcessMemory ou WriteProcessMemory foi concluída. (0x12B)
[0926/140419.223:ERROR:process_memory_win.cc(73)] ReadMemory at 0x123270 of 132 bytes failed: Somente uma parte de um pedido ReadProcessMemory ou WriteProcessMemory foi concluída. (0x12B)
[0926/140419.223:ERROR:process_memory_win.cc(73)] ReadMemory at 0x123360 of 132 bytes failed: Somente uma parte de um pedido ReadProcessMemory ou WriteProcessMemory foi concluída. (0x12B)
[0926/140419.224:ERROR:process_memory_win.cc(73)] ReadMemory at 0x123450 of 132 bytes failed: Somente uma parte de um pedido ReadProcessMemory ou WriteProcessMemory foi concluída. (0x12B)
[0926/140419.224:ERROR:process_memory_win.cc(73)] ReadMemory at 0x123540 of 132 bytes failed: Somente uma parte de um pedido ReadProcessMemory ou WriteProcessMemory foi concluída. (0x12B)
[0926/140419.224:ERROR:process_memory_win.cc(73)] ReadMemory at 0x123630 of 132 bytes failed: Somente uma parte de um pedido ReadProcessMemory ou WriteProcessMemory foi concluída. (0x12B)
[0926/140419.224:ERROR:process_memory_win.cc(73)] ReadMemory at 0x123720 of 132 bytes failed: Somente uma parte de um pedido ReadProcessMemory ou WriteProcessMemory foi concluída. (0x12B)
[0926/140419.224:ERROR:process_memory_win.cc(73)] ReadMemory at 0x123810 of 132 bytes failed: Somente uma parte de um pedido ReadProcessMemory ou WriteProcessMemory foi concluída. (0x12B)
[0926/140419.224:ERROR:process_memory_win.cc(73)] ReadMemory at 0x123900 of 132 bytes failed: Somente uma parte de um pedido ReadProcessMemory ou WriteProcessMemory foi concluída. (0x12B)
[0926/140419.225:ERROR:process_memory_win.cc(73)] ReadMemory at 0x1239f0 of 132 bytes failed: Somente uma parte de um pedido ReadProcessMemory ou WriteProcessMemory foi concluída. (0x12B)
[0926/140419.225:ERROR:process_memory_win.cc(73)] ReadMemory at 0x123ae0 of 132 bytes failed: Somente uma parte de um pedido ReadProcessMemory ou WriteProcessMemory foi concluída. (0x12B)
[0926/140419.225:ERROR:process_memory_win.cc(73)] ReadMemory at 0x123bd0 of 132 bytes failed: Somente uma parte de um pedido ReadProcessMemory ou WriteProcessMemory foi concluída. (0x12B)
[0926/140419.225:ERROR:process_memory_win.cc(73)] ReadMemory at 0x123cc0 of 132 bytes failed: Somente uma parte de um pedido ReadProcessMemory ou WriteProcessMemory foi concluída. (0x12B)
[0926/140419.225:ERROR:process_memory_win.cc(73)] ReadMemory at 0x123db0 of 132 bytes failed: Somente uma parte de um pedido ReadProcessMemory ou WriteProcessMemory foi concluída. (0x12B)
[0926/140419.225:ERROR:process_memory_win.cc(73)] ReadMemory at 0x123ea0 of 132 bytes failed: Somente uma parte de um pedido ReadProcessMemory ou WriteProcessMemory foi concluída. (0x12B)
[0926/140419.226:ERROR:process_memory_win.cc(73)] ReadMemory at 0x123f90 of 132 bytes failed: Somente uma parte de um pedido ReadProcessMemory ou WriteProcessMemory foi concluída. (0x12B)
[0926/140419.226:ERROR:process_memory_win.cc(73)] ReadMemory at 0x124080 of 132 bytes failed: Somente uma parte de um pedido ReadProcessMemory ou WriteProcessMemory foi concluída. (0x12B)
[0926/140419.226:ERROR:process_memory_win.cc(73)] ReadMemory at 0x124170 of 132 bytes failed: Somente uma parte de um pedido ReadProcessMemory ou WriteProcessMemory foi concluída. (0x12B)
[0926/140419.226:ERROR:process_memory_win.cc(73)] ReadMemory at 0x124260 of 132 bytes failed: Somente uma parte de um pedido ReadProcessMemory ou WriteProcessMemory foi concluída. (0x12B)
[0926/140419.226:ERROR:process_memory_win.cc(73)] ReadMemory at 0x124350 of 132 bytes failed: Somente uma parte de um pedido ReadProcessMemory ou WriteProcessMemory foi concluída. (0x12B)
[0926/140419.253:ERROR:process_memory_win.cc(73)] ReadMemory at 0x124440 of 132 bytes failed: Somente uma parte de um pedido ReadProcessMemory ou WriteProcessMemory foi concluída. (0x12B)
[0926/140419.253:ERROR:process_memory_win.cc(73)] ReadMemory at 0x124530 of 132 bytes failed: Somente uma parte de um pedido ReadProcessMemory ou WriteProcessMemory foi concluída. (0x12B)
[0926/140419.253:ERROR:process_memory_win.cc(73)] ReadMemory at 0x124620 of 132 bytes failed: Somente uma parte de um pedido ReadProcessMemory ou WriteProcessMemory foi concluída. (0x12B)
[0926/140419.254:ERROR:process_memory_win.cc(73)] ReadMemory at 0x124710 of 132 bytes failed: Somente uma parte de um pedido ReadProcessMemory ou WriteProcessMemory foi concluída. (0x12B)
[0926/140419.254:ERROR:process_memory_win.cc(73)] ReadMemory at 0x124800 of 132 bytes failed: Somente uma parte de um pedido ReadProcessMemory ou WriteProcessMemory foi concluída. (0x12B)
[0926/140419.254:ERROR:process_memory_win.cc(73)] ReadMemory at 0x1248f0 of 132 bytes failed: Somente uma parte de um pedido ReadProcessMemory ou WriteProcessMemory foi concluída. (0x12B)
[0926/140419.254:ERROR:process_memory_win.cc(73)] ReadMemory at 0x1249e0 of 132 bytes failed: Somente uma parte de um pedido ReadProcessMemory ou WriteProcessMemory foi concluída. (0x12B)
[0926/140419.255:ERROR:process_memory_win.cc(73)] ReadMemory at 0x124ad0 of 132 bytes failed: Somente uma parte de um pedido ReadProcessMemory ou WriteProcessMemory foi concluída. (0x12B)
[0926/140419.265:ERROR:process_memory_win.cc(73)] ReadMemory at 0x124bc0 of 132 bytes failed: Somente uma parte de um pedido ReadProcessMemory ou WriteProcessMemory foi concluída. (0x12B)
[0926/140419.265:ERROR:process_memory_win.cc(73)] ReadMemory at 0x124cb0 of 132 bytes failed: Somente uma parte de um pedido ReadProcessMemory ou WriteProcessMemory foi concluída. (0x12B)
[0926/140419.265:ERROR:process_memory_win.cc(73)] ReadMemory at 0x124e90 of 132 bytes failed: Somente uma parte de um pedido ReadProcessMemory ou WriteProcessMemory foi concluída. (0x12B)
[0926/140419.266:ERROR:process_memory_win.cc(73)] ReadMemory at 0x124f80 of 132 bytes failed: Somente uma parte de um pedido ReadProcessMemory ou WriteProcessMemory foi concluída. (0x12B)
[0926/140419.266:ERROR:process_memory_win.cc(73)] ReadMemory at 0x1260e0 of 512 bytes failed: Somente uma parte de um pedido ReadProcessMemory ou WriteProcessMemory foi concluída. (0x12B)
[0926/140419.266:ERROR:process_memory_win.cc(73)] ReadMemory at 0x127280 of 54 bytes failed: Somente uma parte de um pedido ReadProcessMemory ou WriteProcessMemory foi concluída. (0x12B)
[0926/140419.266:ERROR:process_memory_win.cc(73)] ReadMemory at 0x128a20 of 146 bytes failed: Somente uma parte de um pedido ReadProcessMemory ou WriteProcessMemory foi concluída. (0x12B)
[0926/140419.266:ERROR:process_memory_win.cc(73)] ReadMemory at 0x155fe0 of 62 bytes failed: Somente uma parte de um pedido ReadProcessMemory ou WriteProcessMemory foi concluída. (0x12B)
[0926/140419.266:ERROR:process_memory_win.cc(73)] ReadMemory at 0x156030 of 62 bytes failed: Somente uma parte de um pedido ReadProcessMemory ou WriteProcessMemory foi concluída. (0x12B)
[0926/140419.267:ERROR:process_memory_win.cc(73)] ReadMemory at 0x1563a0 of 66 bytes failed: Somente uma parte de um pedido ReadProcessMemory ou WriteProcessMemory foi concluída. (0x12B)
[0926/140419.267:ERROR:process_memory_win.cc(73)] ReadMemory at 0x1650f0 of 512 bytes failed: Somente uma parte de um pedido ReadProcessMemory ou WriteProcessMemory foi concluída. (0x12B)
[0926/140419.267:ERROR:process_memory_win.cc(73)] ReadMemory at 0x16a410 of 132 bytes failed: Somente uma parte de um pedido ReadProcessMemory ou WriteProcessMemory foi concluída. (0x12B)
[0926/140419.267:ERROR:process_memory_win.cc(73)] ReadMemory at 0x1a4c30 of 512 bytes failed: Somente uma parte de um pedido ReadProcessMemory ou WriteProcessMemory foi concluída. (0x12B)
[0926/140419.268:ERROR:process_memory_win.cc(73)] ReadMemory at 0x1a9b50 of 512 bytes failed: Somente uma parte de um pedido ReadProcessMemory ou WriteProcessMemory foi concluída. (0x12B)
[0926/140419.268:ERROR:process_memory_win.cc(73)] ReadMemory at 0x1adbc0 of 512 bytes failed: Somente uma parte de um pedido ReadProcessMemory ou WriteProcessMemory foi concluída. (0x12B)
[0926/140419.269:ERROR:process_memory_win.cc(73)] ReadMemory at 0x770c7bc8 of 18 bytes failed: Somente uma parte de um pedido ReadProcessMemory ou WriteProcessMemory foi concluída. (0x12B)
[0926/140419.269:ERROR:process_memory_win.cc(73)] ReadMemory at 0x7712984a of 512 bytes failed: Somente uma parte de um pedido ReadProcessMemory ou WriteProcessMemory foi concluída. (0x12B)
[0926/140419.269:ERROR:process_memory_win.cc(73)] ReadMemory at 0x77129b4a of 512 bytes failed: Somente uma parte de um pedido ReadProcessMemory ou WriteProcessMemory foi concluída. (0x12B)
[0926/140419.269:ERROR:process_memory_win.cc(73)] ReadMemory at 0x771e80d8 of 40 bytes failed: Somente uma parte de um pedido ReadProcessMemory ou WriteProcessMemory foi concluída. (0x12B)
[0926/140419.269:ERROR:process_memory_win.cc(73)] ReadMemory at 0x771f2dc0 of 48 bytes failed: Somente uma parte de um pedido ReadProcessMemory ou WriteProcessMemory foi concluída. (0x12B)
[0926/140419.270:ERROR:process_memory_win.cc(73)] ReadMemory at 0x771f2e40 of 64 bytes failed: Somente uma parte de um pedido ReadProcessMemory ou WriteProcessMemory foi concluída. (0x12B)
[0926/140419.270:ERROR:process_memory_win.cc(73)] ReadMemory at 0x5fb63c95728 of 512 bytes failed: Somente uma parte de um pedido ReadProcessMemory ou WriteProcessMemory foi concluída. (0x12B)
[0926/140419.270:ERROR:process_memory_win.cc(73)] ReadMemory at 0x7fec6d20000 of 384 bytes failed: Somente uma parte de um pedido ReadProcessMemory ou WriteProcessMemory foi concluída. (0x12B)
[0926/140419.270:ERROR:process_memory_win.cc(73)] ReadMemory at 0x7fecac574b3 of 512 bytes failed: Somente uma parte de um pedido ReadProcessMemory ou WriteProcessMemory foi concluída. (0x12B)
[0926/140419.270:ERROR:process_memory_win.cc(73)] ReadMemory at 0x7fecf83df80 of 512 bytes failed: Somente uma parte de um pedido ReadProcessMemory ou WriteProcessMemory foi concluída. (0x12B)
[0926/140419.270:ERROR:process_memory_win.cc(73)] ReadMemory at 0x7fffffd4000 of 852 bytes failed: Somente uma parte de um pedido ReadProcessMemory ou WriteProcessMemory foi concluída. (0x12B)
[0926/140419.271:ERROR:process_memory_win.cc(73)] ReadMemory at 0x7fffffdc000 of 6024 bytes failed: Somente uma parte de um pedido ReadProcessMemory ou WriteProcessMemory foi concluída. (0x12B)
[0926/140419.271:ERROR:process_memory_win.cc(73)] ReadMemory at 0x7fffffde000 of 6024 bytes failed: Somente uma parte de um pedido ReadProcessMemory ou WriteProcessMemory foi concluída. (0x12B)
[0926/140419.275:ERROR:scoped_process_suspend.cc(40)] NtResumeProcess: Tentou-se acessar um processo de saída. (0xc000010a)
[0926/140419.279:ERROR:file_io_win.cc(162)] CreateFile C:\Users\simone\AppData\Local\Temp\scoped_dir6512_1658312264\Crashpad\settings.dat: O sistema não pode encontrar o arquivo especificado. (0x2)
[0926/234352.895:ERROR:process_info.cc(329)] VirtualQueryEx: Acesso negado. (0x5)
[0926/234352.907:ERROR:process_info.cc(556)] ReadMemoryInfo failed
[0926/234352.907:ERROR:process_memory_win.cc(39)] Failed to initialize ProcessInfo.
[0926/234352.908:ERROR:scoped_process_suspend.cc(40)] NtResumeProcess: Tentou-se acessar um processo de saída. (0xc000010a)
[0927/012741.878:ERROR:process_reader_win.cc(151)] SuspendThread: Acesso negado. (0x5)
[0927/012741.879:ERROR:exception_snapshot_win.cc(99)] thread ID 7060 not found in process
[0927/012741.879:ERROR:scoped_process_suspend.cc(40)] NtResumeProcess: Tentou-se acessar um processo de saída. (0xc000010a)
